INFO     Running translator.
INFO     translator input: ['/work-tmp/domain.htn.pddl', '/work-tmp/pfile.htn.pddl']
INFO     translator arguments: []
INFO     translator time limit: None
INFO     translator memory limit: None
INFO     callstring: /opt/conda/bin/python /software/FD-kstar/builds/release64/bin/translate/translate.py /work-tmp/domain.htn.pddl /work-tmp/pfile.htn.pddl
Parsing...
Parsing: [0.030s CPU, 0.031s wall-clock]
Normalizing task... [0.010s CPU, 0.004s wall-clock]
Instantiating...
Generating Datalog program... [0.000s CPU, 0.008s wall-clock]
Normalizing Datalog program...
Normalizing Datalog program: [0.050s CPU, 0.052s wall-clock]
Preparing model... [0.020s CPU, 0.020s wall-clock]
Generated 1076 rules.
Computing model... [0.190s CPU, 0.185s wall-clock]
3253 relevant atoms
7886 auxiliary atoms
11139 final queue length
13299 total queue pushes
Completing instantiation... [0.080s CPU, 0.082s wall-clock]
Instantiating: [0.350s CPU, 0.357s wall-clock]
Computing fact groups...
Finding invariants...
328 initial candidates
Finding invariants: [1.560s CPU, 1.542s wall-clock]
Checking invariant weight... [0.000s CPU, 0.001s wall-clock]
Instantiating groups... [0.000s CPU, 0.001s wall-clock]
Collecting mutex groups... [0.000s CPU, 0.001s wall-clock]
Choosing groups...
1368 uncovered facts
Choosing groups: [0.000s CPU, 0.001s wall-clock]
Building translation key... [0.000s CPU, 0.007s wall-clock]
Computing fact groups: [1.580s CPU, 1.569s wall-clock]
Building STRIPS to SAS dictionary... [0.000s CPU, 0.002s wall-clock]
Building dictionary for full mutex groups... [0.000s CPU, 0.002s wall-clock]
Building mutex information...
Building mutex information: [0.000s CPU, 0.003s wall-clock]
Translating task...
Processing axioms...
Simplifying axioms... [0.000s CPU, 0.001s wall-clock]
Processing axioms: [0.000s CPU, 0.006s wall-clock]
Translating task: [0.080s CPU, 0.082s wall-clock]
1753 effect conditions simplified
0 implied preconditions added
Detecting unreachable propositions...
0 operators removed
0 axioms removed
1 propositions removed
Detecting unreachable propositions: [0.070s CPU, 0.074s wall-clock]
Reordering and filtering variables...
1203 of 1370 variables necessary.
0 of 3 mutex groups necessary.
1763 of 1778 operators necessary.
0 of 0 axiom rules necessary.
Reordering and filtering variables: [0.070s CPU, 0.070s wall-clock]
Translator variables: 1203
Translator derived variables: 0
Translator facts: 2426
Translator goal facts: 1
Translator mutex groups: 0
Translator total mutex groups size: 0
Translator operators: 1763
Translator axioms: 0
Translator task size: 13311
Translator peak memory: 29080 KB
Writing output... [0.020s CPU, 0.048s wall-clock]
Done! [2.230s CPU, 2.254s wall-clock]
INFO     Running search (release64).
INFO     search input: output.sas
INFO     search arguments: ['--search', 'kstar(blind(),k=1000,json_file_to_dump=/work-tmp/plans.json)']
INFO     search time limit: None
INFO     search memory limit: None
INFO     search executable: /software/FD-kstar/builds/release64/bin/downward
INFO     callstring: /software/FD-kstar/builds/release64/bin/downward --search 'kstar(blind(),k=1000,json_file_to_dump=/work-tmp/plans.json)' --internal-plan-file sas_plan < output.sas
reading input... [t=0.0002736s]
done reading input! [t=0.0100454s]
packing state variables...done! [t=0.0101481s]
Variables: 1204
FactPairs: 2428
Bytes per state: 152
Building successor generator...done! [t=0.0565665s]
done initalizing global data [t=0.0566375s]
Initializing blind search heuristic...
Running K* with K=1000
Conducting best first search with reopening closed nodes, (real) bound = 2147483647
New best heuristic value for blind: 1
[g=0, 1 evaluated, 0 expanded, t=0.0574147s, 7872 KB]
f = 1 [1 evaluated, 0 expanded, t=0.0575158s, 7872 KB]
Initial heuristic value for blind: 1
pruning method: none
f = 2 [2 evaluated, 1 expanded, t=0.0577109s, 7872 KB]
f = 3 [3 evaluated, 2 expanded, t=0.0578152s, 7872 KB]
f = 4 [8 evaluated, 3 expanded, t=0.0579205s, 7872 KB]
f = 5 [24 evaluated, 8 expanded, t=0.0581374s, 7872 KB]
f = 6 [56 evaluated, 24 expanded, t=0.0586072s, 7872 KB]
f = 7 [112 evaluated, 56 expanded, t=0.0594483s, 7872 KB]
f = 8 [200 evaluated, 112 expanded, t=0.0609717s, 8004 KB]
f = 9 [327 evaluated, 200 expanded, t=0.0630664s, 8004 KB]
New best heuristic value for blind: 0
[g=9, 333 evaluated, 207 expanded, t=0.0633805s, 8004 KB]
Switching to djkstra search on path graph
Resuming A*
f = 10 [492 evaluated, 328 expanded, t=0.0663955s, 8004 KB]
f = 11 [720 evaluated, 492 expanded, t=0.0703557s, 8004 KB]
f = 12 [1031 evaluated, 720 expanded, t=0.0766172s, 8132 KB]
f = 13 [1403 evaluated, 1031 expanded, t=0.0888145s, 8256 KB]
f = 14 [1775 evaluated, 1403 expanded, t=0.0980184s, 8256 KB]
f = 15 [2128 evaluated, 1775 expanded, t=0.10684s, 8388 KB]
f = 16 [2472 evaluated, 2128 expanded, t=0.1149s, 8520 KB]
f = 17 [2847 evaluated, 2472 expanded, t=0.124187s, 8520 KB]
f = 18 [3281 evaluated, 2847 expanded, t=0.135639s, 8648 KB]
f = 19 [3743 evaluated, 3281 expanded, t=0.145892s, 8896 KB]
f = 20 [4168 evaluated, 3743 expanded, t=0.156312s, 9016 KB]
f = 21 [4501 evaluated, 4168 expanded, t=0.165885s, 9136 KB]
f = 22 [4775 evaluated, 4501 expanded, t=0.175798s, 9136 KB]
f = 23 [5029 evaluated, 4775 expanded, t=0.182128s, 9256 KB]
f = 24 [5248 evaluated, 5029 expanded, t=0.187982s, 9384 KB]
f = 25 [5483 evaluated, 5248 expanded, t=0.193208s, 9384 KB]
f = 26 [5650 evaluated, 5483 expanded, t=0.198953s, 9384 KB]
f = 27 [5759 evaluated, 5650 expanded, t=0.202936s, 9508 KB]
f = 28 [5842 evaluated, 5759 expanded, t=0.205494s, 9508 KB]
f = 29 [5912 evaluated, 5842 expanded, t=0.207388s, 9508 KB]
f = 30 [5960 evaluated, 5912 expanded, t=0.209036s, 9508 KB]
f = 31 [6015 evaluated, 5960 expanded, t=0.210321s, 9508 KB]
f = 32 [6036 evaluated, 6015 expanded, t=0.211647s, 9508 KB]
f = 33 [6047 evaluated, 6036 expanded, t=0.212228s, 9508 KB]
f = 34 [6054 evaluated, 6047 expanded, t=0.212545s, 9508 KB]
f = 35 [6061 evaluated, 6054 expanded, t=0.212794s, 9508 KB]
f = 36 [6066 evaluated, 6061 expanded, t=0.213029s, 9508 KB]
f = 37 [6067 evaluated, 6066 expanded, t=0.213211s, 9508 KB]
Completely explored state space!
Switching to djkstra search on path graph
Djkstra [399 expanded, 1000 generated]
Actual search time: 1.08177s [t=1.13943s]
Expanded 6067 state(s).
Reopened 0 state(s).
Evaluated 6067 state(s).
Evaluations: 6067
Generated 9116 state(s).
Dead ends: 0 state(s).
Expanded until last jump: 6066 state(s).
Reopened until last jump: 0 state(s).
Evaluated until last jump: 6067 state(s).
Generated until last jump: 9115 state(s).
Number of plans found: 1000
Number of optimal plans found: 2
Number of djkstra runs: 2
Total number of djkstra node generations: 2777
Number of registered states: 6067
Search time: 1.08223s
Total time: 1.13948s
Enough solutions found.
Peak memory: 10424 KB
